2023-12-08T11:10:34+00:00 CRITICAL Uncaught Error: Undefined constant "WAN_TEST_ENVIRONMENT" in /var/www/html/wordpress/wp-content/themes/wisewire/footer.php:8
Stack trace:
#0 /var/www/html/wordpress/wp-includes/template.php(790): require_once()
#1 /var/www/html/wordpress/wp-includes/template.php(725): load_template()
#2 /var/www/html/wordpress/wp-includes/general-template.php(92): locate_template()
#3 /var/www/html/wordpress/wp-content/themes/wisewire/home-notloggedin.php(275): get_footer()
#4 /var/www/html/wordpress/wp-includes/template.php(792): require('...')
#5 /var/www/html/wordpress/wp-includes/template.php(725): load_template()
#6 /var/www/html/wordpress/wp-includes/general-template.php(206): locate_template()
#7 /var/www/html/wordpress/wp-content/themes/wisewire/template-home.php(12): get_template_part()
#8 /var/www/html/wordpress/wp-includes/template-loader.php(106): include('...')
#9 /var/www/html/wordpress/wp-blog-header.php(19): require_once('...')
#10 /var/www/html/wordpress/index.php(17): require('...')
#11 {main}
  thrown in /var/www/html/wordpress/wp-content/themes/wisewire/footer.php on line 8

2023-12-08T11:12:23+00:00 CRITICAL Uncaught Error: Undefined constant "WAN_TEST_ENVIRONMENT" in /var/www/html/wordpress/wp-content/themes/wisewire/footer.php:8
Stack trace:
#0 /var/www/html/wordpress/wp-includes/template.php(790): require_once()
#1 /var/www/html/wordpress/wp-includes/template.php(725): load_template()
#2 /var/www/html/wordpress/wp-includes/general-template.php(92): locate_template()
#3 /var/www/html/wordpress/wp-content/themes/wisewire/template-user-login.php(508): get_footer()
#4 /var/www/html/wordpress/wp-includes/template-loader.php(106): include('...')
#5 /var/www/html/wordpress/wp-blog-header.php(19): require_once('...')
#6 /var/www/html/wordpress/index.php(17): require('...')
#7 {main}
  thrown in /var/www/html/wordpress/wp-content/themes/wisewire/footer.php on line 8

2023-12-08T11:12:25+00:00 CRITICAL Uncaught Error: Undefined constant "WAN_TEST_ENVIRONMENT" in /var/www/html/wordpress/wp-content/themes/wisewire/footer.php:8
Stack trace:
#0 /var/www/html/wordpress/wp-includes/template.php(790): require_once()
#1 /var/www/html/wordpress/wp-includes/template.php(725): load_template()
#2 /var/www/html/wordpress/wp-includes/general-template.php(92): locate_template()
#3 /var/www/html/wordpress/wp-content/themes/wisewire/template-user-login.php(508): get_footer()
#4 /var/www/html/wordpress/wp-includes/template-loader.php(106): include('...')
#5 /var/www/html/wordpress/wp-blog-header.php(19): require_once('...')
#6 /var/www/html/wordpress/index.php(17): require('...')
#7 {main}
  thrown in /var/www/html/wordpress/wp-content/themes/wisewire/footer.php on line 8

2023-12-08T11:13:05+00:00 CRITICAL Uncaught Error: Undefined constant "WAN_TEST_ENVIRONMENT" in /var/www/html/wordpress/wp-content/themes/wisewire/footer.php:8
Stack trace:
#0 /var/www/html/wordpress/wp-includes/template.php(790): require_once()
#1 /var/www/html/wordpress/wp-includes/template.php(725): load_template()
#2 /var/www/html/wordpress/wp-includes/general-template.php(92): locate_template()
#3 /var/www/html/wordpress/wp-content/themes/wisewire/home-notloggedin.php(275): get_footer()
#4 /var/www/html/wordpress/wp-includes/template.php(792): require('...')
#5 /var/www/html/wordpress/wp-includes/template.php(725): load_template()
#6 /var/www/html/wordpress/wp-includes/general-template.php(206): locate_template()
#7 /var/www/html/wordpress/wp-content/themes/wisewire/template-home.php(12): get_template_part()
#8 /var/www/html/wordpress/wp-includes/template-loader.php(106): include('...')
#9 /var/www/html/wordpress/wp-blog-header.php(19): require_once('...')
#10 /var/www/html/wordpress/index.php(17): require('...')
#11 {main}
  thrown in /var/www/html/wordpress/wp-content/themes/wisewire/footer.php on line 8

2023-12-08T11:13:37+00:00 CRITICAL Uncaught Error: Class "Controller_WiseWireItems" not found in /var/www/html/wordpress/wp-content/themes/wisewire/Controller/Explore.php:31
Stack trace:
#0 /var/www/html/wordpress/wp-content/themes/wisewire/template-explore.php(9): Controller_Explore->__construct()
#1 /var/www/html/wordpress/wp-includes/template-loader.php(106): include('...')
#2 /var/www/html/wordpress/wp-blog-header.php(19): require_once('...')
#3 /var/www/html/wordpress/index.php(17): require('...')
#4 {main}
  thrown in /var/www/html/wordpress/wp-content/themes/wisewire/Controller/Explore.php on line 31

2023-12-08T11:15:11+00:00 CRITICAL Uncaught Error: Undefined constant "WAN_TEST_ENVIRONMENT" in /var/www/html/wordpress/wp-content/themes/wisewire/footer.php:8
Stack trace:
#0 /var/www/html/wordpress/wp-includes/template.php(790): require_once()
#1 /var/www/html/wordpress/wp-includes/template.php(725): load_template()
#2 /var/www/html/wordpress/wp-includes/general-template.php(92): locate_template()
#3 /var/www/html/wordpress/wp-content/themes/wisewire/home-notloggedin.php(275): get_footer()
#4 /var/www/html/wordpress/wp-includes/template.php(792): require('...')
#5 /var/www/html/wordpress/wp-includes/template.php(725): load_template()
#6 /var/www/html/wordpress/wp-includes/general-template.php(206): locate_template()
#7 /var/www/html/wordpress/wp-content/themes/wisewire/template-home.php(12): get_template_part()
#8 /var/www/html/wordpress/wp-includes/template-loader.php(106): include('...')
#9 /var/www/html/wordpress/wp-blog-header.php(19): require_once('...')
#10 /var/www/html/wordpress/index.php(17): require('...')
#11 {main}
  thrown in /var/www/html/wordpress/wp-content/themes/wisewire/footer.php on line 8

2023-12-08T11:15:56+00:00 CRITICAL Uncaught Error: Undefined constant "WAN_TEST_ENVIRONMENT" in /var/www/html/wordpress/wp-content/themes/wisewire/footer.php:8
Stack trace:
#0 /var/www/html/wordpress/wp-includes/template.php(790): require_once()
#1 /var/www/html/wordpress/wp-includes/template.php(725): load_template()
#2 /var/www/html/wordpress/wp-includes/general-template.php(92): locate_template()
#3 /var/www/html/wordpress/wp-content/themes/wisewire/404.php(17): get_footer()
#4 /var/www/html/wordpress/wp-includes/template-loader.php(106): include('...')
#5 /var/www/html/wordpress/wp-blog-header.php(19): require_once('...')
#6 /var/www/html/wordpress/index.php(17): require('...')
#7 {main}
  thrown in /var/www/html/wordpress/wp-content/themes/wisewire/footer.php on line 8

2023-12-08T11:17:02+00:00 CRITICAL Uncaught Error: Class "Controller_WiseWireItems" not found in /var/www/html/wordpress/wp-content/themes/wisewire/Controller/Explore.php:31
Stack trace:
#0 /var/www/html/wordpress/wp-content/themes/wisewire/template-explore.php(9): Controller_Explore->__construct()
#1 /var/www/html/wordpress/wp-includes/template-loader.php(106): include('...')
#2 /var/www/html/wordpress/wp-blog-header.php(19): require_once('...')
#3 /var/www/html/wordpress/index.php(17): require('...')
#4 {main}
  thrown in /var/www/html/wordpress/wp-content/themes/wisewire/Controller/Explore.php on line 31

2023-12-08T11:17:25+00:00 CRITICAL Uncaught Error: Undefined constant "WAN_TEST_ENVIRONMENT" in /var/www/html/wordpress/wp-content/themes/wisewire/footer.php:8
Stack trace:
#0 /var/www/html/wordpress/wp-includes/template.php(790): require_once()
#1 /var/www/html/wordpress/wp-includes/template.php(725): load_template()
#2 /var/www/html/wordpress/wp-includes/general-template.php(92): locate_template()
#3 /var/www/html/wordpress/wp-content/themes/wisewire/template-user-login.php(508): get_footer()
#4 /var/www/html/wordpress/wp-includes/template-loader.php(106): include('...')
#5 /var/www/html/wordpress/wp-blog-header.php(19): require_once('...')
#6 /var/www/html/wordpress/index.php(17): require('...')
#7 {main}
  thrown in /var/www/html/wordpress/wp-content/themes/wisewire/footer.php on line 8

2023-12-08T11:17:48+00:00 CRITICAL Uncaught Error: Undefined constant "WAN_TEST_ENVIRONMENT" in /var/www/html/wordpress/wp-content/themes/wisewire/footer.php:8
Stack trace:
#0 /var/www/html/wordpress/wp-includes/template.php(790): require_once()
#1 /var/www/html/wordpress/wp-includes/template.php(725): load_template()
#2 /var/www/html/wordpress/wp-includes/general-template.php(92): locate_template()
#3 /var/www/html/wordpress/wp-content/themes/wisewire/template-home.php(15): get_footer()
#4 /var/www/html/wordpress/wp-includes/template-loader.php(106): include('...')
#5 /var/www/html/wordpress/wp-blog-header.php(19): require_once('...')
#6 /var/www/html/wordpress/index.php(17): require('...')
#7 {main}
  thrown in /var/www/html/wordpress/wp-content/themes/wisewire/footer.php on line 8

