2023-12-09T09:39:19+00:00 CRITICAL Uncaught Error: Undefined constant "WAN_TEST_ENVIRONMENT" in /var/www/html/wordpress/wp-content/themes/wisewire/footer.php:8
Stack trace:
#0 /var/www/html/wordpress/wp-includes/template.php(790): require_once()
#1 /var/www/html/wordpress/wp-includes/template.php(725): load_template()
#2 /var/www/html/wordpress/wp-includes/general-template.php(92): locate_template()
#3 /var/www/html/wordpress/wp-content/themes/wisewire/template-home.php(15): get_footer()
#4 /var/www/html/wordpress/wp-includes/template-loader.php(106): include('...')
#5 /var/www/html/wordpress/wp-blog-header.php(19): require_once('...')
#6 /var/www/html/wordpress/index.php(17): require('...')
#7 {main}
  thrown in /var/www/html/wordpress/wp-content/themes/wisewire/footer.php on line 8

2023-12-09T09:51:37+00:00 CRITICAL Uncaught Error: Undefined constant "WAN_TEST_ENVIRONMENT" in /var/www/html/wordpress/wp-content/themes/wisewire/footer.php:8
Stack trace:
#0 /var/www/html/wordpress/wp-includes/template.php(790): require_once()
#1 /var/www/html/wordpress/wp-includes/template.php(725): load_template()
#2 /var/www/html/wordpress/wp-includes/general-template.php(92): locate_template()
#3 /var/www/html/wordpress/wp-content/themes/wisewire/template-home.php(15): get_footer()
#4 /var/www/html/wordpress/wp-includes/template-loader.php(106): include('...')
#5 /var/www/html/wordpress/wp-blog-header.php(19): require_once('...')
#6 /var/www/html/wordpress/index.php(17): require('...')
#7 {main}
  thrown in /var/www/html/wordpress/wp-content/themes/wisewire/footer.php on line 8

2023-12-09T09:52:19+00:00 CRITICAL Uncaught Error: Call to undefined function have_rows() in /var/www/html/wordpress/wp-content/themes/wisewire/home-loggedin.php:16
Stack trace:
#0 /var/www/html/wordpress/wp-includes/template.php(792): require()
#1 /var/www/html/wordpress/wp-includes/template.php(725): load_template()
#2 /var/www/html/wordpress/wp-includes/general-template.php(206): locate_template()
#3 /var/www/html/wordpress/wp-content/themes/wisewire/template-home.php(10): get_template_part()
#4 /var/www/html/wordpress/wp-includes/template-loader.php(106): include('...')
#5 /var/www/html/wordpress/wp-blog-header.php(19): require_once('...')
#6 /var/www/html/wordpress/index.php(17): require('...')
#7 {main}
  thrown in /var/www/html/wordpress/wp-content/themes/wisewire/home-loggedin.php on line 16

2023-12-09T09:52:23+00:00 CRITICAL Uncaught Error: Call to undefined function have_rows() in /var/www/html/wordpress/wp-content/themes/wisewire/home-loggedin.php:16
Stack trace:
#0 /var/www/html/wordpress/wp-includes/template.php(792): require()
#1 /var/www/html/wordpress/wp-includes/template.php(725): load_template()
#2 /var/www/html/wordpress/wp-includes/general-template.php(206): locate_template()
#3 /var/www/html/wordpress/wp-content/themes/wisewire/template-home.php(10): get_template_part()
#4 /var/www/html/wordpress/wp-includes/template-loader.php(106): include('...')
#5 /var/www/html/wordpress/wp-blog-header.php(19): require_once('...')
#6 /var/www/html/wordpress/index.php(17): require('...')
#7 {main}
  thrown in /var/www/html/wordpress/wp-content/themes/wisewire/home-loggedin.php on line 16

2023-12-09T09:53:02+00:00 CRITICAL Uncaught Error: Undefined constant "WAN_TEST_ENVIRONMENT" in /var/www/html/wordpress/wp-content/themes/wisewire/footer.php:8
Stack trace:
#0 /var/www/html/wordpress/wp-includes/template.php(790): require_once()
#1 /var/www/html/wordpress/wp-includes/template.php(725): load_template()
#2 /var/www/html/wordpress/wp-includes/general-template.php(92): locate_template()
#3 /var/www/html/wordpress/wp-content/themes/wisewire/template-home.php(15): get_footer()
#4 /var/www/html/wordpress/wp-includes/template-loader.php(106): include('...')
#5 /var/www/html/wordpress/wp-blog-header.php(19): require_once('...')
#6 /var/www/html/wordpress/index.php(17): require('...')
#7 {main}
  thrown in /var/www/html/wordpress/wp-content/themes/wisewire/footer.php on line 8

2023-12-09T09:53:33+00:00 CRITICAL Uncaught Error: Undefined constant "WAN_TEST_ENVIRONMENT" in /var/www/html/wordpress/wp-content/themes/wisewire/footer.php:8
Stack trace:
#0 /var/www/html/wordpress/wp-includes/template.php(790): require_once()
#1 /var/www/html/wordpress/wp-includes/template.php(725): load_template()
#2 /var/www/html/wordpress/wp-includes/general-template.php(92): locate_template()
#3 /var/www/html/wordpress/wp-content/themes/wisewire/template-home.php(15): get_footer()
#4 /var/www/html/wordpress/wp-includes/template-loader.php(106): include('...')
#5 /var/www/html/wordpress/wp-blog-header.php(19): require_once('...')
#6 /var/www/html/wordpress/index.php(17): require('...')
#7 {main}
  thrown in /var/www/html/wordpress/wp-content/themes/wisewire/footer.php on line 8

2023-12-09T09:54:16+00:00 CRITICAL Uncaught Error: Call to undefined function have_rows() in /var/www/html/wordpress/wp-content/themes/wisewire/home-loggedin.php:16
Stack trace:
#0 /var/www/html/wordpress/wp-includes/template.php(792): require()
#1 /var/www/html/wordpress/wp-includes/template.php(725): load_template()
#2 /var/www/html/wordpress/wp-includes/general-template.php(206): locate_template()
#3 /var/www/html/wordpress/wp-content/themes/wisewire/template-home.php(10): get_template_part()
#4 /var/www/html/wordpress/wp-includes/template-loader.php(106): include('...')
#5 /var/www/html/wordpress/wp-blog-header.php(19): require_once('...')
#6 /var/www/html/wordpress/index.php(17): require('...')
#7 {main}
  thrown in /var/www/html/wordpress/wp-content/themes/wisewire/home-loggedin.php on line 16

2023-12-09T09:55:08+00:00 CRITICAL Uncaught Error: Call to undefined function have_rows() in /var/www/html/wordpress/wp-content/themes/wisewire/home-loggedin.php:16
Stack trace:
#0 /var/www/html/wordpress/wp-includes/template.php(792): require()
#1 /var/www/html/wordpress/wp-includes/template.php(725): load_template()
#2 /var/www/html/wordpress/wp-includes/general-template.php(206): locate_template()
#3 /var/www/html/wordpress/wp-content/themes/wisewire/template-home.php(10): get_template_part()
#4 /var/www/html/wordpress/wp-includes/template-loader.php(106): include('...')
#5 /var/www/html/wordpress/wp-blog-header.php(19): require_once('...')
#6 /var/www/html/wordpress/index.php(17): require('...')
#7 {main}
  thrown in /var/www/html/wordpress/wp-content/themes/wisewire/home-loggedin.php on line 16

2023-12-09T09:58:24+00:00 CRITICAL Uncaught Error: Call to undefined function have_rows() in /var/www/html/wordpress/wp-content/themes/wisewire/home-loggedin.php:16
Stack trace:
#0 /var/www/html/wordpress/wp-includes/template.php(792): require()
#1 /var/www/html/wordpress/wp-includes/template.php(725): load_template()
#2 /var/www/html/wordpress/wp-includes/general-template.php(206): locate_template()
#3 /var/www/html/wordpress/wp-content/themes/wisewire/template-home.php(10): get_template_part()
#4 /var/www/html/wordpress/wp-includes/template-loader.php(106): include('...')
#5 /var/www/html/wordpress/wp-blog-header.php(19): require_once('...')
#6 /var/www/html/wordpress/index.php(17): require('...')
#7 {main}
  thrown in /var/www/html/wordpress/wp-content/themes/wisewire/home-loggedin.php on line 16

2023-12-09T09:58:28+00:00 CRITICAL Uncaught Error: Call to undefined function have_rows() in /var/www/html/wordpress/wp-content/themes/wisewire/home-loggedin.php:16
Stack trace:
#0 /var/www/html/wordpress/wp-includes/template.php(792): require()
#1 /var/www/html/wordpress/wp-includes/template.php(725): load_template()
#2 /var/www/html/wordpress/wp-includes/general-template.php(206): locate_template()
#3 /var/www/html/wordpress/wp-content/themes/wisewire/template-home.php(10): get_template_part()
#4 /var/www/html/wordpress/wp-includes/template-loader.php(106): include('...')
#5 /var/www/html/wordpress/wp-blog-header.php(19): require_once('...')
#6 /var/www/html/wordpress/index.php(17): require('...')
#7 {main}
  thrown in /var/www/html/wordpress/wp-content/themes/wisewire/home-loggedin.php on line 16

