2023-12-07T23:29:16+00:00 CRITICAL Uncaught Error: Undefined constant "WAN_TEST_ENVIRONMENT" in /var/www/html/wordpress/wp-content/themes/wisewire/footer.php:8
Stack trace:
#0 /var/www/html/wordpress/wp-includes/template.php(790): require_once()
#1 /var/www/html/wordpress/wp-includes/template.php(725): load_template()
#2 /var/www/html/wordpress/wp-includes/general-template.php(92): locate_template()
#3 /var/www/html/wordpress/wp-content/themes/wisewire/template-for-explore-ai.php(172): get_footer()
#4 /var/www/html/wordpress/wp-includes/template-loader.php(106): include('...')
#5 /var/www/html/wordpress/wp-blog-header.php(19): require_once('...')
#6 /var/www/html/wordpress/index.php(17): require('...')
#7 {main}
  thrown in /var/www/html/wordpress/wp-content/themes/wisewire/footer.php on line 8

2023-12-07T23:29:16+00:00 CRITICAL Uncaught Error: Undefined constant "WAN_TEST_ENVIRONMENT" in /var/www/html/wordpress/wp-content/themes/wisewire/footer.php:8
Stack trace:
#0 /var/www/html/wordpress/wp-includes/template.php(790): require_once()
#1 /var/www/html/wordpress/wp-includes/template.php(725): load_template()
#2 /var/www/html/wordpress/wp-includes/general-template.php(92): locate_template()
#3 /var/www/html/wordpress/wp-content/themes/wisewire/404.php(17): get_footer()
#4 /var/www/html/wordpress/wp-includes/template-loader.php(106): include('...')
#5 /var/www/html/wordpress/wp-blog-header.php(19): require_once('...')
#6 /var/www/html/wordpress/index.php(17): require('...')
#7 {main}
  thrown in /var/www/html/wordpress/wp-content/themes/wisewire/footer.php on line 8

2023-12-07T23:29:20+00:00 CRITICAL Uncaught Error: Undefined constant "WAN_TEST_ENVIRONMENT" in /var/www/html/wordpress/wp-content/themes/wisewire/footer.php:8
Stack trace:
#0 /var/www/html/wordpress/wp-includes/template.php(790): require_once()
#1 /var/www/html/wordpress/wp-includes/template.php(725): load_template()
#2 /var/www/html/wordpress/wp-includes/general-template.php(92): locate_template()
#3 /var/www/html/wordpress/wp-content/themes/wisewire/home-notloggedin.php(275): get_footer()
#4 /var/www/html/wordpress/wp-includes/template.php(792): require('...')
#5 /var/www/html/wordpress/wp-includes/template.php(725): load_template()
#6 /var/www/html/wordpress/wp-includes/general-template.php(206): locate_template()
#7 /var/www/html/wordpress/wp-content/themes/wisewire/template-home.php(12): get_template_part()
#8 /var/www/html/wordpress/wp-includes/template-loader.php(106): include('...')
#9 /var/www/html/wordpress/wp-blog-header.php(19): require_once('...')
#10 /var/www/html/wordpress/index.php(17): require('...')
#11 {main}
  thrown in /var/www/html/wordpress/wp-content/themes/wisewire/footer.php on line 8

